{"/Users/mac/Documents/Code/Backend/ExpressJS/be_cyber_media/src/common/constant/app.constant.js": {"path":"/Users/mac/Documents/Code/Backend/ExpressJS/be_cyber_media/src/common/constant/app.constant.js","statementMap":{"0":{"start":{"line":1,"column":35},"end":{"line":1,"column":66}},"1":{"start":{"line":2,"column":36},"end":{"line":2,"column":68}},"2":{"start":{"line":4,"column":36},"end":{"line":4,"column":68}},"3":{"start":{"line":5,"column":37},"end":{"line":5,"column":70}}},"fnMap":{},"branchMap":{},"s":{"0":1,"1":1,"2":1,"3":1},"f":{},"b":{},"_coverageSchema":"1a1c01bbd47fc00a2c39e90264f33305004495a9","hash":"264f1e3411cac3d6333fd65638c90ac6f00f66a8"}
,"/Users/mac/Documents/Code/Backend/ExpressJS/be_cyber_media/src/common/helpers/error.helper.js": {"path":"/Users/mac/Documents/Code/Backend/ExpressJS/be_cyber_media/src/common/helpers/error.helper.js","statementMap":{"0":{"start":{"line":2,"column":49},"end":{"line":2,"column":52}},"1":{"start":{"line":7,"column":27},"end":{"line":19,"column":2}},"2":{"start":{"line":8,"column":4},"end":{"line":8,"column":40}},"3":{"start":{"line":11,"column":5},"end":{"line":11,"column":57}},"4":{"start":{"line":11,"column":42},"end":{"line":11,"column":57}},"5":{"start":{"line":13,"column":4},"end":{"line":13,"column":56}},"6":{"start":{"line":13,"column":41},"end":{"line":13,"column":56}},"7":{"start":{"line":17,"column":20},"end":{"line":17,"column":56}},"8":{"start":{"line":18,"column":4},"end":{"line":18,"column":42}},"9":{"start":{"line":23,"column":8},"end":{"line":23,"column":23}},"10":{"start":{"line":24,"column":8},"end":{"line":24,"column":24}},"11":{"start":{"line":31,"column":4},"end":{"line":31,"column":19}},"12":{"start":{"line":32,"column":4},"end":{"line":32,"column":20}},"13":{"start":{"line":38,"column":4},"end":{"line":38,"column":19}},"14":{"start":{"line":39,"column":4},"end":{"line":39,"column":20}}},"fnMap":{"0":{"name":"(anonymous_0)","decl":{"start":{"line":7,"column":27},"end":{"line":7,"column":28}},"loc":{"start":{"line":7,"column":52},"end":{"line":19,"column":2}},"line":7},"1":{"name":"(anonymous_1)","decl":{"start":{"line":22,"column":4},"end":{"line":22,"column":5}},"loc":{"start":{"line":22,"column":45},"end":{"line":25,"column":5}},"line":22},"2":{"name":"(anonymous_2)","decl":{"start":{"line":30,"column":2},"end":{"line":30,"column":3}},"loc":{"start":{"line":30,"column":42},"end":{"line":33,"column":3}},"line":30},"3":{"name":"(anonymous_3)","decl":{"start":{"line":37,"column":2},"end":{"line":37,"column":3}},"loc":{"start":{"line":37,"column":45},"end":{"line":40,"column":3}},"line":37}},"branchMap":{"0":{"loc":{"start":{"line":11,"column":5},"end":{"line":11,"column":57}},"type":"if","locations":[{"start":{"line":11,"column":5},"end":{"line":11,"column":57}},{"start":{},"end":{}}],"line":11},"1":{"loc":{"start":{"line":13,"column":4},"end":{"line":13,"column":56}},"type":"if","locations":[{"start":{"line":13,"column":4},"end":{"line":13,"column":56}},{"start":{},"end":{}}],"line":13},"2":{"loc":{"start":{"line":22,"column":16},"end":{"line":22,"column":43}},"type":"default-arg","locations":[{"start":{"line":22,"column":26},"end":{"line":22,"column":43}}],"line":22},"3":{"loc":{"start":{"line":30,"column":14},"end":{"line":30,"column":40}},"type":"default-arg","locations":[{"start":{"line":30,"column":24},"end":{"line":30,"column":40}}],"line":30},"4":{"loc":{"start":{"line":37,"column":14},"end":{"line":37,"column":43}},"type":"default-arg","locations":[{"start":{"line":37,"column":24},"end":{"line":37,"column":43}}],"line":37}},"s":{"0":1,"1":1,"2":0,"3":0,"4":0,"5":0,"6":0,"7":0,"8":0,"9":0,"10":0,"11":0,"12":0,"13":0,"14":0},"f":{"0":0,"1":0,"2":0,"3":0},"b":{"0":[0,0],"1":[0,0],"2":[0],"3":[0],"4":[0]},"_coverageSchema":"1a1c01bbd47fc00a2c39e90264f33305004495a9","hash":"ff959694bb0844b283efdee9dfc489d3360ccc46"}
,"/Users/mac/Documents/Code/Backend/ExpressJS/be_cyber_media/src/common/helpers/response.helper.js": {"path":"/Users/mac/Documents/Code/Backend/ExpressJS/be_cyber_media/src/common/helpers/response.helper.js","statementMap":{"0":{"start":{"line":1,"column":31},"end":{"line":9,"column":1}},"1":{"start":{"line":2,"column":3},"end":{"line":8,"column":8}},"2":{"start":{"line":11,"column":29},"end":{"line":18,"column":1}},"3":{"start":{"line":12,"column":2},"end":{"line":17,"column":4}}},"fnMap":{"0":{"name":"(anonymous_0)","decl":{"start":{"line":1,"column":31},"end":{"line":1,"column":32}},"loc":{"start":{"line":1,"column":88},"end":{"line":9,"column":1}},"line":1},"1":{"name":"(anonymous_1)","decl":{"start":{"line":11,"column":29},"end":{"line":11,"column":30}},"loc":{"start":{"line":11,"column":94},"end":{"line":18,"column":1}},"line":11}},"branchMap":{"0":{"loc":{"start":{"line":1,"column":32},"end":{"line":1,"column":47}},"type":"default-arg","locations":[{"start":{"line":1,"column":43},"end":{"line":1,"column":47}}],"line":1},"1":{"loc":{"start":{"line":1,"column":49},"end":{"line":1,"column":71}},"type":"default-arg","locations":[{"start":{"line":1,"column":59},"end":{"line":1,"column":71}}],"line":1},"2":{"loc":{"start":{"line":1,"column":73},"end":{"line":1,"column":83}},"type":"default-arg","locations":[{"start":{"line":1,"column":80},"end":{"line":1,"column":83}}],"line":1},"3":{"loc":{"start":{"line":11,"column":30},"end":{"line":11,"column":63}},"type":"default-arg","locations":[{"start":{"line":11,"column":40},"end":{"line":11,"column":63}}],"line":11},"4":{"loc":{"start":{"line":11,"column":65},"end":{"line":11,"column":75}},"type":"default-arg","locations":[{"start":{"line":11,"column":72},"end":{"line":11,"column":75}}],"line":11},"5":{"loc":{"start":{"line":11,"column":77},"end":{"line":11,"column":89}},"type":"default-arg","locations":[{"start":{"line":11,"column":85},"end":{"line":11,"column":89}}],"line":11}},"s":{"0":1,"1":0,"2":1,"3":0},"f":{"0":0,"1":0},"b":{"0":[0],"1":[0],"2":[0],"3":[0],"4":[0],"5":[0]},"_coverageSchema":"1a1c01bbd47fc00a2c39e90264f33305004495a9","hash":"2c518e68de7ae4eb590bec0e10e811369d0ab14b"}
,"/Users/mac/Documents/Code/Backend/ExpressJS/be_cyber_media/src/common/nodemailer/send-mail.nodemailer.js": {"path":"/Users/mac/Documents/Code/Backend/ExpressJS/be_cyber_media/src/common/nodemailer/send-mail.nodemailer.js","statementMap":{"0":{"start":{"line":3,"column":20},"end":{"line":11,"column":2}},"1":{"start":{"line":14,"column":24},"end":{"line":26,"column":1}},"2":{"start":{"line":16,"column":15},"end":{"line":22,"column":4}},"3":{"start":{"line":24,"column":2},"end":{"line":24,"column":50}}},"fnMap":{"0":{"name":"(anonymous_0)","decl":{"start":{"line":14,"column":24},"end":{"line":14,"column":25}},"loc":{"start":{"line":14,"column":36},"end":{"line":26,"column":1}},"line":14}},"branchMap":{},"s":{"0":1,"1":1,"2":1,"3":1},"f":{"0":1},"b":{},"_coverageSchema":"1a1c01bbd47fc00a2c39e90264f33305004495a9","hash":"e4904033d377f71574af5fc5fc555066d3bfdd7f"}
,"/Users/mac/Documents/Code/Backend/ExpressJS/be_cyber_media/src/common/prisma/init.prisma.js": {"path":"/Users/mac/Documents/Code/Backend/ExpressJS/be_cyber_media/src/common/prisma/init.prisma.js","statementMap":{"0":{"start":{"line":3,"column":15},"end":{"line":9,"column":2}}},"fnMap":{},"branchMap":{},"s":{"0":1},"f":{},"b":{},"_coverageSchema":"1a1c01bbd47fc00a2c39e90264f33305004495a9","hash":"5eb7b9959479ea1bdde9807f032da7557e2f427e"}
,"/Users/mac/Documents/Code/Backend/ExpressJS/be_cyber_media/src/services/auth.service.js": {"path":"/Users/mac/Documents/Code/Backend/ExpressJS/be_cyber_media/src/services/auth.service.js","statementMap":{"0":{"start":{"line":9,"column":20},"end":{"line":179,"column":1}},"1":{"start":{"line":12,"column":46},"end":{"line":12,"column":54}},"2":{"start":{"line":13,"column":8},"end":{"line":13,"column":51}},"3":{"start":{"line":21,"column":28},"end":{"line":25,"column":10}},"4":{"start":{"line":26,"column":8},"end":{"line":26,"column":98}},"5":{"start":{"line":26,"column":23},"end":{"line":26,"column":98}},"6":{"start":{"line":27,"column":8},"end":{"line":27,"column":34}},"7":{"start":{"line":30,"column":29},"end":{"line":30,"column":59}},"8":{"start":{"line":33,"column":24},"end":{"line":39,"column":10}},"9":{"start":{"line":41,"column":8},"end":{"line":41,"column":30}},"10":{"start":{"line":43,"column":6},"end":{"line":43,"column":21}},"11":{"start":{"line":47,"column":35},"end":{"line":47,"column":43}},"12":{"start":{"line":49,"column":8},"end":{"line":49,"column":40}},"13":{"start":{"line":55,"column":27},"end":{"line":65,"column":10}},"14":{"start":{"line":67,"column":8},"end":{"line":67,"column":91}},"15":{"start":{"line":67,"column":24},"end":{"line":67,"column":91}},"16":{"start":{"line":74,"column":8},"end":{"line":74,"column":34}},"17":{"start":{"line":75,"column":25},"end":{"line":75,"column":45}},"18":{"start":{"line":76,"column":27},"end":{"line":76,"column":66}},"19":{"start":{"line":77,"column":8},"end":{"line":77,"column":78}},"20":{"start":{"line":77,"column":24},"end":{"line":77,"column":78}},"21":{"start":{"line":80,"column":23},"end":{"line":80,"column":60}},"22":{"start":{"line":82,"column":6},"end":{"line":82,"column":20}},"23":{"start":{"line":92,"column":43},"end":{"line":92,"column":51}},"24":{"start":{"line":94,"column":8},"end":{"line":94,"column":48}},"25":{"start":{"line":97,"column":27},"end":{"line":108,"column":10}},"26":{"start":{"line":110,"column":7},"end":{"line":138,"column":8}},"27":{"start":{"line":119,"column":12},"end":{"line":127,"column":14}},"28":{"start":{"line":130,"column":9},"end":{"line":137,"column":14}},"29":{"start":{"line":141,"column":22},"end":{"line":141,"column":59}},"30":{"start":{"line":143,"column":7},"end":{"line":143,"column":21}},"31":{"start":{"line":148,"column":8},"end":{"line":150,"column":11}},"32":{"start":{"line":151,"column":29},"end":{"line":151,"column":70}},"33":{"start":{"line":152,"column":28},"end":{"line":152,"column":57}},"34":{"start":{"line":154,"column":8},"end":{"line":154,"column":49}},"35":{"start":{"line":156,"column":8},"end":{"line":156,"column":56}},"36":{"start":{"line":156,"column":26},"end":{"line":156,"column":56}},"37":{"start":{"line":157,"column":8},"end":{"line":157,"column":55}},"38":{"start":{"line":157,"column":25},"end":{"line":157,"column":55}},"39":{"start":{"line":159,"column":36},"end":{"line":159,"column":82}},"40":{"start":{"line":160,"column":35},"end":{"line":160,"column":105}},"41":{"start":{"line":162,"column":8},"end":{"line":162,"column":101}},"42":{"start":{"line":162,"column":71},"end":{"line":162,"column":101}},"43":{"start":{"line":164,"column":21},"end":{"line":168,"column":10}},"44":{"start":{"line":169,"column":23},"end":{"line":169,"column":54}},"45":{"start":{"line":172,"column":8},"end":{"line":172,"column":22}},"46":{"start":{"line":176,"column":8},"end":{"line":176,"column":38}},"47":{"start":{"line":177,"column":8},"end":{"line":177,"column":24}}},"fnMap":{"0":{"name":"(anonymous_0)","decl":{"start":{"line":10,"column":14},"end":{"line":10,"column":15}},"loc":{"start":{"line":10,"column":29},"end":{"line":44,"column":5}},"line":10},"1":{"name":"(anonymous_1)","decl":{"start":{"line":45,"column":11},"end":{"line":45,"column":12}},"loc":{"start":{"line":45,"column":26},"end":{"line":83,"column":5}},"line":45},"2":{"name":"(anonymous_2)","decl":{"start":{"line":91,"column":19},"end":{"line":91,"column":20}},"loc":{"start":{"line":91,"column":34},"end":{"line":145,"column":5}},"line":91},"3":{"name":"(anonymous_3)","decl":{"start":{"line":147,"column":18},"end":{"line":147,"column":19}},"loc":{"start":{"line":147,"column":33},"end":{"line":173,"column":5}},"line":147},"4":{"name":"(anonymous_4)","decl":{"start":{"line":175,"column":13},"end":{"line":175,"column":14}},"loc":{"start":{"line":175,"column":28},"end":{"line":178,"column":5}},"line":175}},"branchMap":{"0":{"loc":{"start":{"line":26,"column":8},"end":{"line":26,"column":98}},"type":"if","locations":[{"start":{"line":26,"column":8},"end":{"line":26,"column":98}},{"start":{},"end":{}}],"line":26},"1":{"loc":{"start":{"line":67,"column":8},"end":{"line":67,"column":91}},"type":"if","locations":[{"start":{"line":67,"column":8},"end":{"line":67,"column":91}},{"start":{},"end":{}}],"line":67},"2":{"loc":{"start":{"line":77,"column":8},"end":{"line":77,"column":78}},"type":"if","locations":[{"start":{"line":77,"column":8},"end":{"line":77,"column":78}},{"start":{},"end":{}}],"line":77},"3":{"loc":{"start":{"line":110,"column":7},"end":{"line":138,"column":8}},"type":"if","locations":[{"start":{"line":110,"column":7},"end":{"line":138,"column":8}},{"start":{"line":128,"column":13},"end":{"line":138,"column":8}}],"line":110},"4":{"loc":{"start":{"line":124,"column":31},"end":{"line":124,"column":70}},"type":"cond-expr","locations":[{"start":{"line":124,"column":54},"end":{"line":124,"column":63}},{"start":{"line":124,"column":66},"end":{"line":124,"column":70}}],"line":124},"5":{"loc":{"start":{"line":125,"column":28},"end":{"line":125,"column":76}},"type":"cond-expr","locations":[{"start":{"line":125,"column":48},"end":{"line":125,"column":57}},{"start":{"line":125,"column":60},"end":{"line":125,"column":76}}],"line":125},"6":{"loc":{"start":{"line":156,"column":8},"end":{"line":156,"column":56}},"type":"if","locations":[{"start":{"line":156,"column":8},"end":{"line":156,"column":56}},{"start":{},"end":{}}],"line":156},"7":{"loc":{"start":{"line":157,"column":8},"end":{"line":157,"column":55}},"type":"if","locations":[{"start":{"line":157,"column":8},"end":{"line":157,"column":55}},{"start":{},"end":{}}],"line":157},"8":{"loc":{"start":{"line":162,"column":8},"end":{"line":162,"column":101}},"type":"if","locations":[{"start":{"line":162,"column":8},"end":{"line":162,"column":101}},{"start":{},"end":{}}],"line":162}},"s":{"0":1,"1":1,"2":1,"3":1,"4":1,"5":0,"6":1,"7":1,"8":1,"9":1,"10":1,"11":0,"12":0,"13":0,"14":0,"15":0,"16":0,"17":0,"18":0,"19":0,"20":0,"21":0,"22":0,"23":0,"24":0,"25":0,"26":0,"27":0,"28":0,"29":0,"30":0,"31":0,"32":0,"33":0,"34":0,"35":0,"36":0,"37":0,"38":0,"39":0,"40":0,"41":0,"42":0,"43":0,"44":0,"45":0,"46":0,"47":0},"f":{"0":1,"1":0,"2":0,"3":0,"4":0},"b":{"0":[0,1],"1":[0,0],"2":[0,0],"3":[0,0],"4":[0,0],"5":[0,0],"6":[0,0],"7":[0,0],"8":[0,0]},"_coverageSchema":"1a1c01bbd47fc00a2c39e90264f33305004495a9","hash":"b2fa254f069dca3d9c1d43d2035eb2bbdac5f21d"}
,"/Users/mac/Documents/Code/Backend/ExpressJS/be_cyber_media/src/services/token.service.js": {"path":"/Users/mac/Documents/Code/Backend/ExpressJS/be_cyber_media/src/services/token.service.js","statementMap":{"0":{"start":{"line":4,"column":21},"end":{"line":27,"column":1}},"1":{"start":{"line":11,"column":28},"end":{"line":13,"column":10}},"2":{"start":{"line":20,"column":29},"end":{"line":22,"column":10}},"3":{"start":{"line":24,"column":8},"end":{"line":24,"column":43}}},"fnMap":{"0":{"name":"(anonymous_0)","decl":{"start":{"line":5,"column":18},"end":{"line":5,"column":19}},"loc":{"start":{"line":5,"column":28},"end":{"line":26,"column":5}},"line":5}},"branchMap":{},"s":{"0":1,"1":0,"2":0,"3":0},"f":{"0":0},"b":{},"_coverageSchema":"1a1c01bbd47fc00a2c39e90264f33305004495a9","hash":"0d4bb6acb1bae1b713c7e8e9bc2c326010497a2b"}
}
