TN:
SF:src/common/constant/app.constant.js
FNF:0
FNH:0
DA:1,1
DA:2,1
DA:4,1
DA:5,1
LF:4
LH:4
BRF:0
BRH:0
end_of_record
TN:
SF:src/common/helpers/error.helper.js
FN:7,(anonymous_0)
FN:22,(anonymous_1)
FN:30,(anonymous_2)
FN:37,(anonymous_3)
FNF:4
FNH:0
FNDA:0,(anonymous_0)
FNDA:0,(anonymous_1)
FNDA:0,(anonymous_2)
FNDA:0,(anonymous_3)
DA:2,1
DA:7,1
DA:8,0
DA:11,0
DA:13,0
DA:17,0
DA:18,0
DA:23,0
DA:24,0
DA:31,0
DA:32,0
DA:38,0
DA:39,0
LF:13
LH:2
BRDA:11,0,0,0
BRDA:11,0,1,0
BRDA:13,1,0,0
BRDA:13,1,1,0
BRDA:22,2,0,0
BRDA:30,3,0,0
BRDA:37,4,0,0
BRF:7
BRH:0
end_of_record
TN:
SF:src/common/helpers/response.helper.js
FN:1,(anonymous_0)
FN:11,(anonymous_1)
FNF:2
FNH:0
FNDA:0,(anonymous_0)
FNDA:0,(anonymous_1)
DA:1,1
DA:2,0
DA:11,1
DA:12,0
LF:4
LH:2
BRDA:1,0,0,0
BRDA:1,1,0,0
BRDA:1,2,0,0
BRDA:11,3,0,0
BRDA:11,4,0,0
BRDA:11,5,0,0
BRF:6
BRH:0
end_of_record
TN:
SF:src/common/nodemailer/send-mail.nodemailer.js
FN:14,(anonymous_0)
FNF:1
FNH:1
FNDA:1,(anonymous_0)
DA:3,1
DA:14,1
DA:16,1
DA:24,1
LF:4
LH:4
BRF:0
BRH:0
end_of_record
TN:
SF:src/common/prisma/init.prisma.js
FNF:0
FNH:0
DA:3,1
LF:1
LH:1
BRF:0
BRH:0
end_of_record
TN:
SF:src/services/auth.service.js
FN:10,(anonymous_0)
FN:45,(anonymous_1)
FN:91,(anonymous_2)
FN:147,(anonymous_3)
FN:175,(anonymous_4)
FNF:5
FNH:1
FNDA:1,(anonymous_0)
FNDA:0,(anonymous_1)
FNDA:0,(anonymous_2)
FNDA:0,(anonymous_3)
FNDA:0,(anonymous_4)
DA:9,1
DA:12,1
DA:13,1
DA:21,1
DA:26,1
DA:27,1
DA:30,1
DA:33,1
DA:41,1
DA:43,1
DA:47,0
DA:49,0
DA:55,0
DA:67,0
DA:74,0
DA:75,0
DA:76,0
DA:77,0
DA:80,0
DA:82,0
DA:92,0
DA:94,0
DA:97,0
DA:110,0
DA:119,0
DA:130,0
DA:141,0
DA:143,0
DA:148,0
DA:151,0
DA:152,0
DA:154,0
DA:156,0
DA:157,0
DA:159,0
DA:160,0
DA:162,0
DA:164,0
DA:169,0
DA:172,0
DA:176,0
DA:177,0
LF:42
LH:10
BRDA:26,0,0,0
BRDA:26,0,1,1
BRDA:67,1,0,0
BRDA:67,1,1,0
BRDA:77,2,0,0
BRDA:77,2,1,0
BRDA:110,3,0,0
BRDA:110,3,1,0
BRDA:124,4,0,0
BRDA:124,4,1,0
BRDA:125,5,0,0
BRDA:125,5,1,0
BRDA:156,6,0,0
BRDA:156,6,1,0
BRDA:157,7,0,0
BRDA:157,7,1,0
BRDA:162,8,0,0
BRDA:162,8,1,0
BRF:18
BRH:1
end_of_record
TN:
SF:src/services/token.service.js
FN:5,(anonymous_0)
FNF:1
FNH:0
FNDA:0,(anonymous_0)
DA:4,1
DA:11,0
DA:20,0
DA:24,0
LF:4
LH:1
BRF:0
BRH:0
end_of_record
